
RoB front Instruction:
val:131072
PC:0

RoB front Instruction:
val:8
PC:4

RoB front Instruction:
val:1ffe0
PC:1044

RoB front Instruction:
val:1000
PC:1054

RoB front Instruction:
val:11a0
PC:1058

RoB front Instruction:
val:1
PC:1060

RoB front Instruction:
val:2
PC:106c

RoB front Instruction:
val:3
PC:1078

RoB front Instruction:
val:4
PC:1084

RoB front Instruction:
val:11a0
PC:108c

RoB front Instruction:
val:11b0
PC:1090

RoB front Instruction:
val:0
PC:1094

RoB front Instruction:
val:109c
PC:1098

RoB front Instruction:
val:1000
PC:1000

RoB front Instruction:
val:0
PC:1004

RoB front Instruction:
val:0
PC:1008

RoB front Instruction:
val:ad
PC:100c

RoB front Instruction:
val:1018
PC:1014

RoB front Instruction:
val:11a4
PC:109c

RoB front Instruction:
val:1
PC:10a0

RoB front Instruction:
val:0
PC:1094

RoB front Instruction:
val:109c
PC:1098

RoB front Instruction:
val:1000
PC:1000

RoB front Instruction:
val:ad
PC:1004

RoB front Instruction:
val:ad
PC:1008

RoB front Instruction:
val:15a
PC:100c

RoB front Instruction:
val:1018
PC:1014

RoB front Instruction:
val:11a8
PC:109c

RoB front Instruction:
val:1
PC:10a0

RoB front Instruction:
val:0
PC:1094

RoB front Instruction:
val:109c
PC:1098

RoB front Instruction:
val:1000
PC:1000

RoB front Instruction:
val:15a
PC:1004

RoB front Instruction:
val:15a
PC:1008

RoB front Instruction:
val:207
PC:100c

RoB front Instruction:
val:1018
PC:1014

RoB front Instruction:
val:11ac
PC:109c

RoB front Instruction:
val:1
PC:10a0

RoB front Instruction:
val:0
PC:1094

RoB front Instruction:
val:109c
PC:1098

RoB front Instruction:
val:1000
PC:1000

RoB front Instruction:
val:207
PC:1004

RoB front Instruction:
val:207
PC:1008

RoB front Instruction:
val:2b4
PC:100c

RoB front Instruction:
val:1018
PC:1014

RoB front Instruction:
val:11b0
PC:109c

RoB front Instruction:
val:0
PC:10a0

RoB front Instruction:
val:1
PC:10a4

RoB front Instruction:
val:10ac
PC:10a8

RoB front Instruction:
val:1000
PC:1000

RoB front Instruction:
val:2b4
PC:1004

RoB front Instruction:
val:2b5
PC:1008

RoB front Instruction:
val:362
PC:100c

RoB front Instruction:
val:1018
PC:1014

RoB front Instruction:
val:2
PC:10ac

RoB front Instruction:
val:10b4
PC:10b0

RoB front Instruction:
val:1000
PC:1000

RoB front Instruction:
val:362
PC:1004

RoB front Instruction:
val:360
PC:1008

RoB front Instruction:
val:40d
PC:100c

RoB front Instruction:
val:1018
PC:1014

RoB front Instruction:
val:3
PC:10b4

RoB front Instruction:
val:10bc
PC:10b8

RoB front Instruction:
val:1000
PC:1000

RoB front Instruction:
val:40d
PC:1004

RoB front Instruction:
val:40e
PC:1008

RoB front Instruction:
val:4bb
PC:100c

RoB front Instruction:
val:1018
PC:1014

RoB front Instruction:
val:4
PC:10bc

RoB front Instruction:
val:10c4
PC:10c0

RoB front Instruction:
val:1000
PC:1000

RoB front Instruction:
val:4bb
PC:1004

RoB front Instruction:
val:4bf
PC:1008

RoB front Instruction:
val:56c
PC:100c

RoB front Instruction:
val:1018
PC:1014

RoB front Instruction:
val:fd
PC:10c4

RoB front Instruction:
val:1000
PC:10c8

RoB front Instruction:
val:56c
PC:10cc

RoB front Instruction:
val:10d4
PC:10d0

RoB front Instruction:
val:10d4
PC:116c

RoB front Instruction:
val:0
PC:1170

RoB front Instruction:
val:0
PC:1174

RoB front Instruction:
val:117c
PC:1178

RoB front Instruction:
val:fd
PC:10f0

RoB front Instruction:
val:56c
PC:10f4

RoB front Instruction:
val:ffffffff
PC:10f8

RoB front Instruction:
val:0
PC:10fc

RoB front Instruction:
val:1
PC:1100

RoB front Instruction:
val:0
PC:1104

RoB front Instruction:
val:0
PC:1108

RoB front Instruction:
val:1fa
PC:110c

RoB front Instruction:
val:2
PC:1110

RoB front Instruction:
val:1
PC:1114

RoB front Instruction:
val:0
PC:1108

RoB front Instruction:
val:3f4
PC:110c

RoB front Instruction:
val:4
PC:1110

RoB front Instruction:
val:1
PC:1114

RoB front Instruction:
val:0
PC:1108

RoB front Instruction:
val:7e8
PC:110c

RoB front Instruction:
val:8
PC:1110

RoB front Instruction:
val:0
PC:1114

RoB front Instruction:
val:0
PC:1118

RoB front Instruction:
val:1
PC:111c

RoB front Instruction:
val:4
PC:1128

RoB front Instruction:
val:3f4
PC:112c

RoB front Instruction:
val:1
PC:1130

RoB front Instruction:
val:0
PC:111c

RoB front Instruction:
val:178
PC:1120

RoB front Instruction:
val:4
PC:1124

RoB front Instruction:
val:2
PC:1128

RoB front Instruction:
val:1fa
PC:112c

RoB front Instruction:
val:1
PC:1130

RoB front Instruction:
val:1
PC:111c

RoB front Instruction:
val:1
PC:1128

RoB front Instruction:
val:fd
PC:112c

RoB front Instruction:
val:1
PC:1130

RoB front Instruction:
val:0
PC:111c

RoB front Instruction:
val:7b
PC:1120

RoB front Instruction:
val:5
PC:1124

RoB front Instruction:
val:0
PC:1128

RoB front Instruction:
val:7e
PC:112c

RoB front Instruction:
val:0
PC:1130

RoB front Instruction:
val:1138
PC:1134

RoB front Instruction:
val:7b
PC:117c

RoB front Instruction:
val:1184
PC:1180

RoB front Instruction:
val:8
PC:10d4

RoB front Instruction:
val:0
PC:10d8

RoB front Instruction:
val:0
PC:10dc

RoB front Instruction:
val:20000
PC:10e0

RoB front Instruction:
val:10e8
PC:10e4

RoB front Instruction:
val:a5aeeaf8
PC:8
7b