
RoB front Instruction:
val:131072
PC:0

RoB front Instruction:
val:8
PC:4

RoB front Instruction:
val:1ffe0
PC:1044

RoB front Instruction:
val:8
PC:1048

RoB front Instruction:
val:0
PC:104c

RoB front Instruction:
val:0
PC:1050

RoB front Instruction:
val:0
PC:1054

RoB front Instruction:
val:0
PC:1058

RoB front Instruction:
val:1000
PC:105c

RoB front Instruction:
val:11b0
PC:1060

RoB front Instruction:
val:4
PC:1064

RoB front Instruction:
val:106c
PC:1068

RoB front Instruction:
val:1000
PC:1000

RoB front Instruction:
val:0
PC:1004

RoB front Instruction:
val:4
PC:1008

RoB front Instruction:
val:b1
PC:100c

RoB front Instruction:
val:b1
PC:1010

RoB front Instruction:
val:1018
PC:1014

RoB front Instruction:
val:1
PC:106c

RoB front Instruction:
val:1
PC:1070

RoB front Instruction:
val:2
PC:1074

RoB front Instruction:
val:2
PC:1078

RoB front Instruction:
val:3
PC:107c

RoB front Instruction:
val:3
PC:1080

RoB front Instruction:
val:4
PC:1084

RoB front Instruction:
val:4
PC:1088

RoB front Instruction:
val:11b0
PC:108c

RoB front Instruction:
val:11c0
PC:1090

RoB front Instruction:
val:11b0
PC:1094

RoB front Instruction:
val:1
PC:1098

RoB front Instruction:
val:10a0
PC:109c

RoB front Instruction:
val:1000
PC:1000

RoB front Instruction:
val:b1
PC:1004

RoB front Instruction:
val:b0
PC:1008

RoB front Instruction:
val:15d
PC:100c

RoB front Instruction:
val:15d
PC:1010

RoB front Instruction:
val:1018
PC:1014

RoB front Instruction:
val:11b4
PC:10a0

RoB front Instruction:
val:1
PC:10a4

RoB front Instruction:
val:2
PC:1098

RoB front Instruction:
val:10a0
PC:109c

RoB front Instruction:
val:1000
PC:1000

RoB front Instruction:
val:15d
PC:1004

RoB front Instruction:
val:15f
PC:1008

RoB front Instruction:
val:20c
PC:100c

RoB front Instruction:
val:20c
PC:1010

RoB front Instruction:
val:1018
PC:1014

RoB front Instruction:
val:11b8
PC:10a0

RoB front Instruction:
val:1
PC:10a4

RoB front Instruction:
val:3
PC:1098

RoB front Instruction:
val:10a0
PC:109c

RoB front Instruction:
val:1000
PC:1000

RoB front Instruction:
val:20c
PC:1004

RoB front Instruction:
val:20f
PC:1008

RoB front Instruction:
val:2bc
PC:100c

RoB front Instruction:
val:2bc
PC:1010

RoB front Instruction:
val:1018
PC:1014

RoB front Instruction:
val:11bc
PC:10a0

RoB front Instruction:
val:1
PC:10a4

RoB front Instruction:
val:4
PC:1098

RoB front Instruction:
val:10a0
PC:109c

RoB front Instruction:
val:1000
PC:1000

RoB front Instruction:
val:2bc
PC:1004

RoB front Instruction:
val:2b8
PC:1008

RoB front Instruction:
val:365
PC:100c

RoB front Instruction:
val:365
PC:1010

RoB front Instruction:
val:1018
PC:1014

RoB front Instruction:
val:11c0
PC:10a0

RoB front Instruction:
val:0
PC:10a4

RoB front Instruction:
val:0
PC:10a8

RoB front Instruction:
val:0
PC:10ac

RoB front Instruction:
val:0
PC:10b0

RoB front Instruction:
val:0
PC:10b4

RoB front Instruction:
val:0
PC:10b8

RoB front Instruction:
val:10c0
PC:10bc

RoB front Instruction:
val:1000
PC:1000

RoB front Instruction:
val:365
PC:1004

RoB front Instruction:
val:365
PC:1008

RoB front Instruction:
val:412
PC:100c

RoB front Instruction:
val:412
PC:1010

RoB front Instruction:
val:1018
PC:1014

RoB front Instruction:
val:11b4
PC:10c0

RoB front Instruction:
val:1
PC:10c4

RoB front Instruction:
val:0
PC:10b8

RoB front Instruction:
val:10c0
PC:10bc

RoB front Instruction:
val:1000
PC:1000

RoB front Instruction:
val:412
PC:1004

RoB front Instruction:
val:412
PC:1008

RoB front Instruction:
val:4bf
PC:100c

RoB front Instruction:
val:4bf
PC:1010

RoB front Instruction:
val:1018
PC:1014

RoB front Instruction:
val:11b8
PC:10c0

RoB front Instruction:
val:1
PC:10c4

RoB front Instruction:
val:0
PC:10b8

RoB front Instruction:
val:10c0
PC:10bc

RoB front Instruction:
val:1000
PC:1000

RoB front Instruction:
val:4bf
PC:1004

RoB front Instruction:
val:4bf
PC:1008

RoB front Instruction:
val:56c
PC:100c

RoB front Instruction:
val:56c
PC:1010

RoB front Instruction:
val:1018
PC:1014

RoB front Instruction:
val:11bc
PC:10c0

RoB front Instruction:
val:1
PC:10c4

RoB front Instruction:
val:0
PC:10b8

RoB front Instruction:
val:10c0
PC:10bc

RoB front Instruction:
val:1000
PC:1000

RoB front Instruction:
val:56c
PC:1004

RoB front Instruction:
val:56c
PC:1008

RoB front Instruction:
val:619
PC:100c

RoB front Instruction:
val:619
PC:1010

RoB front Instruction:
val:1018
PC:1014

RoB front Instruction:
val:11c0
PC:10c0

RoB front Instruction:
val:0
PC:10c4

RoB front Instruction:
val:fd
PC:10c8

RoB front Instruction:
val:1000
PC:10cc

RoB front Instruction:
val:619
PC:10d0

RoB front Instruction:
val:10d8
PC:10d4

RoB front Instruction:
val:10d8
PC:1178

RoB front Instruction:
val:0
PC:117c

RoB front Instruction:
val:0
PC:1180

RoB front Instruction:
val:1188
PC:1184

RoB front Instruction:
val:fd
PC:10fc

RoB front Instruction:
val:619
PC:1100

RoB front Instruction:
val:ffffffff
PC:1104

RoB front Instruction:
val:0
PC:1108

RoB front Instruction:
val:1
PC:110c

RoB front Instruction:
val:0
PC:1110

RoB front Instruction:
val:0
PC:1114

RoB front Instruction:
val:1fa
PC:1118

RoB front Instruction:
val:2
PC:111c

RoB front Instruction:
val:1
PC:1120

RoB front Instruction:
val:0
PC:1114

RoB front Instruction:
val:3f4
PC:1118

RoB front Instruction:
val:4
PC:111c

RoB front Instruction:
val:1
PC:1120

RoB front Instruction:
val:0
PC:1114

RoB front Instruction:
val:7e8
PC:1118

RoB front Instruction:
val:8
PC:111c

RoB front Instruction:
val:0
PC:1120

RoB front Instruction:
val:0
PC:1124

RoB front Instruction:
val:1
PC:1128

RoB front Instruction:
val:4
PC:1134

RoB front Instruction:
val:3f4
PC:1138

RoB front Instruction:
val:1
PC:113c

RoB front Instruction:
val:0
PC:1128

RoB front Instruction:
val:225
PC:112c

RoB front Instruction:
val:4
PC:1130

RoB front Instruction:
val:2
PC:1134

RoB front Instruction:
val:1fa
PC:1138

RoB front Instruction:
val:1
PC:113c

RoB front Instruction:
val:0
PC:1128

RoB front Instruction:
val:2b
PC:112c

RoB front Instruction:
val:6
PC:1130

RoB front Instruction:
val:1
PC:1134

RoB front Instruction:
val:fd
PC:1138

RoB front Instruction:
val:1
PC:113c

RoB front Instruction:
val:1
PC:1128

RoB front Instruction:
val:0
PC:1134

RoB front Instruction:
val:7e
PC:1138

RoB front Instruction:
val:0
PC:113c

RoB front Instruction:
val:1144
PC:1140

RoB front Instruction:
val:2b
PC:1188

RoB front Instruction:
val:1190
PC:118c

RoB front Instruction:
val:8
PC:10d8

RoB front Instruction:
val:0
PC:10dc

RoB front Instruction:
val:0
PC:10e0

RoB front Instruction:
val:0
PC:10e4

RoB front Instruction:
val:0
PC:10e8

RoB front Instruction:
val:20000
PC:10ec

RoB front Instruction:
val:10f4
PC:10f0

RoB front Instruction:
val:7e5ffb00
PC:7ffc
Correct rate on branch prediction:d/1a
2b
